# JRE version: Java(TM) SE Runtime Environment (21.0.2+13) (build 21.0.2+13-LTS-58)
# Java VM: Java HotSpot(TM) 64-Bit Server VM (21.0.2+13-LTS-58, mixed mode, sharing, tiered, compressed oops, compressed class ptrs, g1 gc, windows-amd64)
GC Precious Log:
 CardTable entry size: 512
 Card Set container configuration: InlinePtr #cards 5 size 8 Array Of Cards #cards 12 size 40 Howl #buckets 4 coarsen threshold 1843 Howl Bitmap #cards 512 size 80 coarsen threshold 460 Card regions per heap region 1 cards per card region 2048
 CPUs: 4 total, 4 available
 Memory: 7990M
 Large Page Support: Disabled
 NUMA Support: Disabled
 Compressed Oops: Enabled (32-bit)
 Heap Region Size: 1M
 Heap Min Capacity: 8M
 Heap Initial Capacity: 126M
 Heap Max Capacity: 1998M
 Pre-touch: Disabled
 Parallel Workers: 4
 Concurrent Workers: 1
 Concurrent Refinement Workers: 4
 Periodic GC: Disabled
Heap:
 garbage-first heap   total 58368K, used 39655K [0x0000000083200000, 0x0000000100000000)
  region size 1024K, 16 young (16384K), 4 survivors (4096K)
 Metaspace       used 55390K, committed 55936K, reserved 1114112K
  class space    used 7127K, committed 7360K, reserved 1048576K
GC Heap History (20 events):
Event: 6.537 GC heap before
{Heap before GC invocations=1 (full 0):
 garbage-first heap   total 129024K, used 21382K [0x0000000083200000, 0x0000000100000000)
  region size 1024K, 14 young (14336K), 2 survivors (2048K)
 Metaspace       used 7442K, committed 7616K, reserved 1114112K
  class space    used 780K, committed 832K, reserved 1048576K
}
Event: 6.545 GC heap after
{Heap after GC invocations=2 (full 0):
 garbage-first heap   total 129024K, used 11115K [0x0000000083200000, 0x0000000100000000)
  region size 1024K, 1 young (1024K), 1 survivors (1024K)
 Metaspace       used 7442K, committed 7616K, reserved 1114112K
  class space    used 780K, committed 832K, reserved 1048576K
}
Event: 16.319 GC heap before
{Heap before GC invocations=2 (full 0):
 garbage-first heap   total 129024K, used 39787K [0x0000000083200000, 0x0000000100000000)
  region size 1024K, 29 young (29696K), 1 survivors (1024K)
 Metaspace       used 14523K, committed 14784K, reserved 1114112K
  class space    used 1684K, committed 1792K, reserved 1048576K
}
Event: 16.330 GC heap after
{Heap after GC invocations=3 (full 0):
 garbage-first heap   total 129024K, used 13209K [0x0000000083200000, 0x0000000100000000)
  region size 1024K, 3 young (3072K), 3 survivors (3072K)
 Metaspace       used 14523K, committed 14784K, reserved 1114112K
  class space    used 1684K, committed 1792K, reserved 1048576K
}
Event: 20.268 GC heap before
{Heap before GC invocations=3 (full 0):
 garbage-first heap   total 129024K, used 42905K [0x0000000083200000, 0x0000000100000000)
  region size 1024K, 33 young (33792K), 3 survivors (3072K)
 Metaspace       used 21117K, committed 21504K, reserved 1114112K
  class space    used 2648K, committed 2816K, reserved 1048576K
}
Event: 20.283 GC heap after
{Heap after GC invocations=4 (full 0):
 garbage-first heap   total 129024K, used 15483K [0x0000000083200000, 0x0000000100000000)
  region size 1024K, 6 young (6144K), 6 survivors (6144K)
 Metaspace       used 21117K, committed 21504K, reserved 1114112K
  class space    used 2648K, committed 2816K, reserved 1048576K
}
Event: 22.650 GC heap before
{Heap before GC invocations=5 (full 0):
 garbage-first heap   total 58368K, used 43131K [0x0000000083200000, 0x0000000100000000)
  region size 1024K, 34 young (34816K), 6 survivors (6144K)
 Metaspace       used 25862K, committed 26240K, reserved 1114112K
  class space    used 3348K, committed 3520K, reserved 1048576K
}
Event: 22.668 GC heap after
{Heap after GC invocations=6 (full 0):
 garbage-first heap   total 58368K, used 17548K [0x0000000083200000, 0x0000000100000000)
  region size 1024K, 5 young (5120K), 5 survivors (5120K)
 Metaspace       used 25862K, committed 26240K, reserved 1114112K
  class space    used 3348K, committed 3520K, reserved 1048576K
}
Event: 24.424 GC heap before
{Heap before GC invocations=6 (full 0):
 garbage-first heap   total 58368K, used 45196K [0x0000000083200000, 0x0000000100000000)
  region size 1024K, 33 young (33792K), 5 survivors (5120K)
 Metaspace       used 30797K, committed 31168K, reserved 1114112K
  class space    used 3862K, committed 4032K, reserved 1048576K
}
Event: 24.439 GC heap after
{Heap after GC invocations=7 (full 0):
 garbage-first heap   total 58368K, used 20088K [0x0000000083200000, 0x0000000100000000)
  region size 1024K, 5 young (5120K), 5 survivors (5120K)
 Metaspace       used 30797K, committed 31168K, reserved 1114112K
  class space    used 3862K, committed 4032K, reserved 1048576K
}
Event: 26.546 GC heap before
{Heap before GC invocations=7 (full 0):
 garbage-first heap   total 58368K, used 47736K [0x0000000083200000, 0x0000000100000000)
  region size 1024K, 32 young (32768K), 5 survivors (5120K)
 Metaspace       used 34782K, committed 35264K, reserved 1114112K
  class space    used 4407K, committed 4608K, reserved 1048576K
}
Event: 26.565 GC heap after
{Heap after GC invocations=8 (full 0):
 garbage-first heap   total 58368K, used 22412K [0x0000000083200000, 0x0000000100000000)
  region size 1024K, 3 young (3072K), 3 survivors (3072K)
 Metaspace       used 34782K, committed 35264K, reserved 1114112K
  class space    used 4407K, committed 4608K, reserved 1048576K
}
Event: 27.088 GC heap before
{Heap before GC invocations=8 (full 0):
 garbage-first heap   total 58368K, used 28556K [0x0000000083200000, 0x0000000100000000)
  region size 1024K, 10 young (10240K), 3 survivors (3072K)
 Metaspace       used 35567K, committed 35968K, reserved 1114112K
  class space    used 4486K, committed 4672K, reserved 1048576K
}
Event: 27.101 GC heap after
{Heap after GC invocations=9 (full 0):
 garbage-first heap   total 58368K, used 22752K [0x0000000083200000, 0x0000000100000000)
  region size 1024K, 1 young (1024K), 1 survivors (1024K)
 Metaspace       used 35567K, committed 35968K, reserved 1114112K
  class space    used 4486K, committed 4672K, reserved 1048576K
}
Event: 30.248 GC heap before
{Heap before GC invocations=10 (full 0):
 garbage-first heap   total 58368K, used 49376K [0x0000000083200000, 0x0000000100000000)
  region size 1024K, 27 young (27648K), 1 survivors (1024K)
 Metaspace       used 39300K, committed 39744K, reserved 1114112K
  class space    used 4977K, committed 5184K, reserved 1048576K
}
Event: 30.264 GC heap after
{Heap after GC invocations=11 (full 0):
 garbage-first heap   total 58368K, used 24620K [0x0000000083200000, 0x0000000100000000)
  region size 1024K, 3 young (3072K), 3 survivors (3072K)
 Metaspace       used 39300K, committed 39744K, reserved 1114112K
  class space    used 4977K, committed 5184K, reserved 1048576K
}
Event: 33.697 GC heap before
{Heap before GC invocations=11 (full 0):
 garbage-first heap   total 58368K, used 50220K [0x0000000083200000, 0x0000000100000000)
  region size 1024K, 28 young (28672K), 3 survivors (3072K)
 Metaspace       used 44693K, committed 45248K, reserved 1114112K
  class space    used 5762K, committed 6016K, reserved 1048576K
}
Event: 33.721 GC heap after
{Heap after GC invocations=12 (full 0):
 garbage-first heap   total 58368K, used 26306K [0x0000000083200000, 0x0000000100000000)
  region size 1024K, 4 young (4096K), 4 survivors (4096K)
 Metaspace       used 44693K, committed 45248K, reserved 1114112K
  class space    used 5762K, committed 6016K, reserved 1048576K
}
Event: 36.137 GC heap before
{Heap before GC invocations=12 (full 0):
 garbage-first heap   total 58368K, used 49858K [0x0000000083200000, 0x0000000100000000)
  region size 1024K, 27 young (27648K), 4 survivors (4096K)
 Metaspace       used 49937K, committed 50496K, reserved 1114112K
  class space    used 6498K, committed 6720K, reserved 1048576K
}
Event: 36.161 GC heap after
{Heap after GC invocations=13 (full 0):
 garbage-first heap   total 58368K, used 28391K [0x0000000083200000, 0x0000000100000000)
  region size 1024K, 4 young (4096K), 4 survivors (4096K)
 Metaspace       used 49937K, committed 50496K, reserved 1114112K
  class space    used 6498K, committed 6720K, reserved 1048576K
}

